<?xml version="1.0" encoding="UTF-8"?>
<!-- Generated by org.testng.reporters.JUnitReportReporter -->
<testsuite hostname="OdySol-DTP-027" name="Implementation.AdmindefaultpageTest" tests="1" failures="0" timestamp="27 Jun 2017 13:37:49 GMT" time="0.027" errors="1">
  <testcase name="login_data1" time="0.027" classname="Implementation.AdmindefaultpageTest">
    <error type="org.testng.TestNGException" message="
The data provider is trying to pass 24 parameters but the method Implementation.AdmindefaultpageTest#login_data1 takes 23">
      <![CDATA[org.testng.TestNGException: 
The data provider is trying to pass 24 parameters but the method Implementation.AdmindefaultpageTest#login_data1 takes 23
	at org.testng.internal.Invoker.injectParameters(Invoker.java:1232)
	at org.testng.internal.Invoker.invokeTestMethods(Invoker.java:1125)
	at org.testng.internal.TestMethodWorker.invokeTestMethods(TestMethodWorker.java:125)
	at org.testng.internal.TestMethodWorker.run(TestMethodWorker.java:108)
	at org.testng.TestRunner.privateRun(TestRunner.java:773)
	at org.testng.TestRunner.run(TestRunner.java:623)
	at org.testng.SuiteRunner.runTest(SuiteRunner.java:357)
	at org.testng.SuiteRunner.runSequentially(SuiteRunner.java:352)
	at org.testng.SuiteRunner.privateRun(SuiteRunner.java:310)
	at org.testng.SuiteRunner.run(SuiteRunner.java:259)
	at org.testng.SuiteRunnerWorker.runSuite(SuiteRunnerWorker.java:52)
	at org.testng.SuiteRunnerWorker.run(SuiteRunnerWorker.java:86)
	at org.testng.TestNG.runSuitesSequentially(TestNG.java:1185)
	at org.testng.TestNG.runSuitesLocally(TestNG.java:1110)
	at org.testng.TestNG.run(TestNG.java:1018)
	at org.testng.remote.AbstractRemoteTestNG.run(AbstractRemoteTestNG.java:132)
	at org.testng.remote.RemoteTestNG.initAndRun(RemoteTestNG.java:230)
	at org.testng.remote.RemoteTestNG.main(RemoteTestNG.java:76)
]]>
    </error>
  </testcase> <!-- login_data1 -->
</testsuite> <!-- Implementation.AdmindefaultpageTest -->
